[ 2015-07-13T12:09:53+08:00 ] 127.0.0.1 /blog/index.php/Afack
INFO: [ app_init ] --START--
INFO: Run Behavior\BuildLiteBehavior [ RunTime:0.000000s ]
INFO: [ app_init ] --END-- [ RunTime:0.010000s ]
INFO: [ app_begin ] --START--
INFO: Run Behavior\ReadHtmlCacheBehavior [ RunTime:0.000000s ]
INFO: [ app_begin ] --END-- [ RunTime:0.000000s ]
INFO: [ view_parse ] --START--
INFO: [ template_filter ] --START--
INFO: Run Behavior\ContentReplaceBehavior [ RunTime:0.010000s ]
INFO: [ template_filter ] --END-- [ RunTime:0.010000s ]
NOTIC: [8] Undefined variable: users D:\wamp\www\blog\Application\Runtime\Cache\Afack\16ba254f3dd0d557f734adee515d1a84.php 第 19 行.
NOTIC: [8] Undefined variable: pwds D:\wamp\www\blog\Application\Runtime\Cache\Afack\16ba254f3dd0d557f734adee515d1a84.php 第 20 行.
NOTIC: [8] Undefined variable: reg D:\wamp\www\blog\Application\Runtime\Cache\Afack\16ba254f3dd0d557f734adee515d1a84.php 第 21 行.
INFO: Run Behavior\ParseTemplateBehavior [ RunTime:0.020000s ]
INFO: [ view_parse ] --END-- [ RunTime:0.020000s ]
INFO: [ view_filter ] --START--
INFO: Run Behavior\WriteHtmlCacheBehavior [ RunTime:0.000000s ]
INFO: [ view_filter ] --END-- [ RunTime:0.000000s ]
INFO: [ app_end ] --START--
INFO: Run Behavior\ShowPageTraceBehavior [ RunTime:0.000000s ]
INFO: [ app_end ] --END-- [ RunTime:0.000000s ]

[ 2015-07-13T12:14:19+08:00 ] 127.0.0.1 /blog/index.php/Afack
INFO: [ app_init ] --START--
INFO: Run Behavior\BuildLiteBehavior [ RunTime:0.000000s ]
INFO: [ app_init ] --END-- [ RunTime:0.000000s ]
INFO: [ app_begin ] --START--
INFO: Run Behavior\ReadHtmlCacheBehavior [ RunTime:0.000000s ]
INFO: [ app_begin ] --END-- [ RunTime:0.001000s ]
INFO: [ view_parse ] --START--
INFO: [ template_filter ] --START--
INFO: Run Behavior\ContentReplaceBehavior [ RunTime:0.000000s ]
INFO: [ template_filter ] --END-- [ RunTime:0.000000s ]
NOTIC: [8] Undefined variable: users D:\wamp\www\blog\Application\Runtime\Cache\Afack\16ba254f3dd0d557f734adee515d1a84.php 第 19 行.
NOTIC: [8] Undefined variable: pwds D:\wamp\www\blog\Application\Runtime\Cache\Afack\16ba254f3dd0d557f734adee515d1a84.php 第 20 行.
NOTIC: [8] Undefined variable: reg D:\wamp\www\blog\Application\Runtime\Cache\Afack\16ba254f3dd0d557f734adee515d1a84.php 第 21 行.
INFO: Run Behavior\ParseTemplateBehavior [ RunTime:0.009000s ]
INFO: [ view_parse ] --END-- [ RunTime:0.009000s ]
INFO: [ view_filter ] --START--
INFO: Run Behavior\WriteHtmlCacheBehavior [ RunTime:0.001001s ]
INFO: [ view_filter ] --END-- [ RunTime:0.001001s ]
INFO: [ app_end ] --START--
INFO: Run Behavior\ShowPageTraceBehavior [ RunTime:0.001000s ]
INFO: [ app_end ] --END-- [ RunTime:0.001000s ]

[ 2015-07-13T12:20:50+08:00 ] 127.0.0.1 /blog/Afack
INFO: [ app_init ] --START--
INFO: Run Behavior\BuildLiteBehavior [ RunTime:0.000000s ]
INFO: [ app_init ] --END-- [ RunTime:0.000000s ]
INFO: [ app_begin ] --START--
INFO: Run Behavior\ReadHtmlCacheBehavior [ RunTime:0.000000s ]
INFO: [ app_begin ] --END-- [ RunTime:0.000000s ]
INFO: [ view_parse ] --START--
INFO: [ template_filter ] --START--
INFO: Run Behavior\ContentReplaceBehavior [ RunTime:0.000000s ]
INFO: [ template_filter ] --END-- [ RunTime:0.000000s ]
NOTIC: [8] Undefined variable: users D:\wamp\www\blog\Application\Runtime\Cache\Afack\16ba254f3dd0d557f734adee515d1a84.php 第 19 行.
NOTIC: [8] Undefined variable: pwds D:\wamp\www\blog\Application\Runtime\Cache\Afack\16ba254f3dd0d557f734adee515d1a84.php 第 20 行.
NOTIC: [8] Undefined variable: reg D:\wamp\www\blog\Application\Runtime\Cache\Afack\16ba254f3dd0d557f734adee515d1a84.php 第 21 行.
INFO: Run Behavior\ParseTemplateBehavior [ RunTime:0.007001s ]
INFO: [ view_parse ] --END-- [ RunTime:0.007001s ]
INFO: [ view_filter ] --START--
INFO: Run Behavior\WriteHtmlCacheBehavior [ RunTime:0.000000s ]
INFO: [ view_filter ] --END-- [ RunTime:0.000000s ]
INFO: [ app_end ] --START--
INFO: Run Behavior\ShowPageTraceBehavior [ RunTime:0.001000s ]
INFO: [ app_end ] --END-- [ RunTime:0.001000s ]

[ 2015-07-13T12:21:02+08:00 ] 127.0.0.1 /blog/afack
INFO: [ app_init ] --START--
INFO: Run Behavior\BuildLiteBehavior [ RunTime:0.000000s ]
INFO: [ app_init ] --END-- [ RunTime:0.000000s ]
INFO: [ app_begin ] --START--
INFO: Run Behavior\ReadHtmlCacheBehavior [ RunTime:0.000000s ]
INFO: [ app_begin ] --END-- [ RunTime:0.000000s ]
INFO: [ view_parse ] --START--
INFO: [ template_filter ] --START--
INFO: Run Behavior\ContentReplaceBehavior [ RunTime:0.000000s ]
INFO: [ template_filter ] --END-- [ RunTime:0.000000s ]
NOTIC: [8] Undefined variable: users D:\wamp\www\blog\Application\Runtime\Cache\Afack\16ba254f3dd0d557f734adee515d1a84.php 第 19 行.
NOTIC: [8] Undefined variable: pwds D:\wamp\www\blog\Application\Runtime\Cache\Afack\16ba254f3dd0d557f734adee515d1a84.php 第 20 行.
NOTIC: [8] Undefined variable: reg D:\wamp\www\blog\Application\Runtime\Cache\Afack\16ba254f3dd0d557f734adee515d1a84.php 第 21 行.
INFO: Run Behavior\ParseTemplateBehavior [ RunTime:0.006000s ]
INFO: [ view_parse ] --END-- [ RunTime:0.006000s ]
INFO: [ view_filter ] --START--
INFO: Run Behavior\WriteHtmlCacheBehavior [ RunTime:0.001001s ]
INFO: [ view_filter ] --END-- [ RunTime:0.001001s ]
INFO: [ app_end ] --START--
INFO: Run Behavior\ShowPageTraceBehavior [ RunTime:0.000000s ]
INFO: [ app_end ] --END-- [ RunTime:0.001000s ]

[ 2015-07-13T14:29:15+08:00 ] 127.0.0.1 /blog/afack
INFO: [ app_init ] --START--
INFO: Run Behavior\BuildLiteBehavior [ RunTime:0.000000s ]
INFO: [ app_init ] --END-- [ RunTime:0.000000s ]
INFO: [ app_begin ] --START--
INFO: Run Behavior\ReadHtmlCacheBehavior [ RunTime:0.000000s ]
INFO: [ app_begin ] --END-- [ RunTime:0.000000s ]
INFO: [ view_parse ] --START--
INFO: [ template_filter ] --START--
INFO: Run Behavior\ContentReplaceBehavior [ RunTime:0.000000s ]
INFO: [ template_filter ] --END-- [ RunTime:0.000000s ]
NOTIC: [8] Undefined variable: users D:\wamp\www\blog\Application\Runtime\Cache\Afack\16ba254f3dd0d557f734adee515d1a84.php 第 19 行.
NOTIC: [8] Undefined variable: pwds D:\wamp\www\blog\Application\Runtime\Cache\Afack\16ba254f3dd0d557f734adee515d1a84.php 第 20 行.
NOTIC: [8] Undefined variable: reg D:\wamp\www\blog\Application\Runtime\Cache\Afack\16ba254f3dd0d557f734adee515d1a84.php 第 21 行.
INFO: Run Behavior\ParseTemplateBehavior [ RunTime:0.010000s ]
INFO: [ view_parse ] --END-- [ RunTime:0.010000s ]
INFO: [ view_filter ] --START--
INFO: Run Behavior\WriteHtmlCacheBehavior [ RunTime:0.000000s ]
INFO: [ view_filter ] --END-- [ RunTime:0.000000s ]
INFO: [ app_end ] --START--
INFO: Run Behavior\ShowPageTraceBehavior [ RunTime:0.000000s ]
INFO: [ app_end ] --END-- [ RunTime:0.000000s ]

[ 2015-07-13T14:29:23+08:00 ] 127.0.0.1 /blog/index.php/Afack/Index/login.html
INFO: [ app_init ] --START--
INFO: Run Behavior\BuildLiteBehavior [ RunTime:0.000000s ]
INFO: [ app_init ] --END-- [ RunTime:0.000000s ]
INFO: [ app_begin ] --START--
INFO: Run Behavior\ReadHtmlCacheBehavior [ RunTime:0.000000s ]
INFO: [ app_begin ] --END-- [ RunTime:0.000000s ]
NOTIC: [8192] mysql_connect(): The mysql extension is deprecated and will be removed in the future: use mysqli or PDO instead D:\wamp\www\blog\ThinkPHP\Library\Think\Db\Driver\Mysql.class.php 第 52 行.
SQL: SHOW COLUMNS FROM `tb_users` [ RunTime:0.010000s ]
SQL: SELECT `qianxian`,`id` FROM `tb_users` WHERE ( userName="admin" and paddWord ="d482bc2282e1a5851922d531f45fb387" ) LIMIT 1   [ RunTime:0.000000s ]
INFO: [ view_parse ] --START--
INFO: [ template_filter ] --START--
INFO: Run Behavior\ContentReplaceBehavior [ RunTime:0.000000s ]
INFO: [ template_filter ] --END-- [ RunTime:0.000000s ]
NOTIC: [8] Undefined variable: users D:\wamp\www\blog\Application\Runtime\Cache\Afack\16ba254f3dd0d557f734adee515d1a84.php 第 19 行.
NOTIC: [8] Undefined variable: pwds D:\wamp\www\blog\Application\Runtime\Cache\Afack\16ba254f3dd0d557f734adee515d1a84.php 第 20 行.
INFO: Run Behavior\ParseTemplateBehavior [ RunTime:0.010000s ]
INFO: [ view_parse ] --END-- [ RunTime:0.010000s ]
INFO: [ view_filter ] --START--
INFO: Run Behavior\WriteHtmlCacheBehavior [ RunTime:0.000000s ]
INFO: [ view_filter ] --END-- [ RunTime:0.000000s ]
INFO: [ app_end ] --START--
INFO: Run Behavior\ShowPageTraceBehavior [ RunTime:0.000000s ]
INFO: [ app_end ] --END-- [ RunTime:0.000000s ]

[ 2015-07-13T14:29:39+08:00 ] 127.0.0.1 /blog/index.php/Afack/Index/login.html
INFO: [ app_init ] --START--
INFO: Run Behavior\BuildLiteBehavior [ RunTime:0.000000s ]
INFO: [ app_init ] --END-- [ RunTime:0.000000s ]
INFO: [ app_begin ] --START--
INFO: Run Behavior\ReadHtmlCacheBehavior [ RunTime:0.000000s ]
INFO: [ app_begin ] --END-- [ RunTime:0.000000s ]
NOTIC: [8192] mysql_connect(): The mysql extension is deprecated and will be removed in the future: use mysqli or PDO instead D:\wamp\www\blog\ThinkPHP\Library\Think\Db\Driver\Mysql.class.php 第 52 行.
SQL: SHOW COLUMNS FROM `tb_users` [ RunTime:0.000000s ]
SQL: SELECT `qianxian`,`id` FROM `tb_users` WHERE ( userName="admin" and paddWord ="7096e860b4d09c715422362d9ac16f7d" ) LIMIT 1   [ RunTime:0.000000s ]
INFO: [ app_end ] --START--
INFO: Run Behavior\ShowPageTraceBehavior [ RunTime:0.000000s ]
INFO: [ app_end ] --END-- [ RunTime:0.000000s ]

[ 2015-07-13T14:29:42+08:00 ] 127.0.0.1 /blog/index.php/Afack/Index/index.html
INFO: [ app_init ] --START--
INFO: Run Behavior\BuildLiteBehavior [ RunTime:0.000000s ]
INFO: [ app_init ] --END-- [ RunTime:0.000000s ]
INFO: [ app_begin ] --START--
INFO: Run Behavior\ReadHtmlCacheBehavior [ RunTime:0.000000s ]
INFO: [ app_begin ] --END-- [ RunTime:0.000000s ]
NOTIC: [8192] mysql_connect(): The mysql extension is deprecated and will be removed in the future: use mysqli or PDO instead D:\wamp\www\blog\ThinkPHP\Library\Think\Db\Driver\Mysql.class.php 第 52 行.
SQL: SHOW COLUMNS FROM `tb_column` [ RunTime:0.010000s ]
SQL: SELECT `colid`,`colqid`,`coltt` FROM `tb_column` WHERE ( collink =2 )  [ RunTime:0.000000s ]
SQL: SELECT `colid`,`colqid`,`coltt` FROM `tb_column` WHERE ( collink =3 )  [ RunTime:0.000000s ]
SQL: SELECT `colid`,`colqid`,`coltt` FROM `tb_column` WHERE ( collink =4 )  [ RunTime:0.000000s ]
SQL: SELECT `colid`,`colqid`,`coltt` FROM `tb_column` WHERE ( collink =2 )  [ RunTime:0.000000s ]
SQL: SELECT `colid`,`colqid`,`coltt` FROM `tb_column` WHERE ( collink =3 )  [ RunTime:0.000000s ]
SQL: SELECT `colid`,`colqid`,`coltt` FROM `tb_column` WHERE ( collink =4 )  [ RunTime:0.000000s ]
INFO: [ view_parse ] --START--
INFO: [ template_filter ] --START--
INFO: Run Behavior\ContentReplaceBehavior [ RunTime:0.000000s ]
INFO: [ template_filter ] --END-- [ RunTime:0.000000s ]
NOTIC: [8] Undefined variable: currrt D:\wamp\www\blog\Application\Runtime\Cache\Afack\449db6887c6a09e8f36b447acce29d4d.php 第 37 行.
NOTIC: [8] Undefined variable: currrt D:\wamp\www\blog\Application\Runtime\Cache\Afack\449db6887c6a09e8f36b447acce29d4d.php 第 38 行.
NOTIC: [8] Undefined variable: currrt D:\wamp\www\blog\Application\Runtime\Cache\Afack\449db6887c6a09e8f36b447acce29d4d.php 第 38 行.
NOTIC: [8] Undefined variable: currrt D:\wamp\www\blog\Application\Runtime\Cache\Afack\449db6887c6a09e8f36b447acce29d4d.php 第 38 行.
NOTIC: [8] Undefined variable: currrt D:\wamp\www\blog\Application\Runtime\Cache\Afack\449db6887c6a09e8f36b447acce29d4d.php 第 39 行.
NOTIC: [8] Undefined variable: uderid D:\wamp\www\blog\Application\Runtime\Cache\Afack\449db6887c6a09e8f36b447acce29d4d.php 第 53 行.
NOTIC: [8] Undefined variable: uderid D:\wamp\www\blog\Application\Runtime\Cache\Afack\449db6887c6a09e8f36b447acce29d4d.php 第 54 行.
INFO: Run Behavior\ParseTemplateBehavior [ RunTime:0.020000s ]
INFO: [ view_parse ] --END-- [ RunTime:0.020000s ]
INFO: [ view_filter ] --START--
INFO: Run Behavior\WriteHtmlCacheBehavior [ RunTime:0.000000s ]
INFO: [ view_filter ] --END-- [ RunTime:0.000000s ]
INFO: [ app_end ] --START--
INFO: Run Behavior\ShowPageTraceBehavior [ RunTime:0.000000s ]
INFO: [ app_end ] --END-- [ RunTime:0.000000s ]

[ 2015-07-13T14:29:43+08:00 ] 127.0.0.1 /blog/index.php/Afack/Column/lists.html
INFO: [ app_init ] --START--
INFO: Run Behavior\BuildLiteBehavior [ RunTime:0.000000s ]
INFO: [ app_init ] --END-- [ RunTime:0.000000s ]
INFO: [ app_begin ] --START--
INFO: Run Behavior\ReadHtmlCacheBehavior [ RunTime:0.000000s ]
INFO: [ app_begin ] --END-- [ RunTime:0.000000s ]
NOTIC: [8192] mysql_connect(): The mysql extension is deprecated and will be removed in the future: use mysqli or PDO instead D:\wamp\www\blog\ThinkPHP\Library\Think\Db\Driver\Mysql.class.php 第 52 行.
SQL: SHOW COLUMNS FROM `tb_column` [ RunTime:0.000000s ]
SQL: SELECT `colid`,`colqid`,`coltt` FROM `tb_column` WHERE ( collink =2 )  [ RunTime:0.000000s ]
SQL: SELECT `colid`,`colqid`,`coltt` FROM `tb_column` WHERE ( collink =3 )  [ RunTime:0.000000s ]
SQL: SELECT `colid`,`colqid`,`coltt` FROM `tb_column` WHERE ( collink =4 )  [ RunTime:0.000000s ]
SQL: SELECT `colid`,`coldid`,`colpx`,`colqid`,`collink`,`coltt` FROM `tb_column` ORDER BY coldid asc  [ RunTime:0.000000s ]
INFO: [ view_parse ] --START--
INFO: [ template_filter ] --START--
INFO: Run Behavior\ContentReplaceBehavior [ RunTime:0.000000s ]
INFO: [ template_filter ] --END-- [ RunTime:0.000000s ]
NOTIC: [8] Undefined variable: currrt D:\wamp\www\blog\Application\Runtime\Cache\Afack\ac6c4858f4d4d3b395b0c71a76c42e42.php 第 37 行.
NOTIC: [8] Undefined variable: currrt D:\wamp\www\blog\Application\Runtime\Cache\Afack\ac6c4858f4d4d3b395b0c71a76c42e42.php 第 38 行.
NOTIC: [8] Undefined variable: currrt D:\wamp\www\blog\Application\Runtime\Cache\Afack\ac6c4858f4d4d3b395b0c71a76c42e42.php 第 38 行.
NOTIC: [8] Undefined variable: currrt D:\wamp\www\blog\Application\Runtime\Cache\Afack\ac6c4858f4d4d3b395b0c71a76c42e42.php 第 38 行.
NOTIC: [8] Undefined variable: currrt D:\wamp\www\blog\Application\Runtime\Cache\Afack\ac6c4858f4d4d3b395b0c71a76c42e42.php 第 39 行.
INFO: Run Behavior\ParseTemplateBehavior [ RunTime:0.040000s ]
INFO: [ view_parse ] --END-- [ RunTime:0.040000s ]
INFO: [ view_filter ] --START--
INFO: Run Behavior\WriteHtmlCacheBehavior [ RunTime:0.000000s ]
INFO: [ view_filter ] --END-- [ RunTime:0.000000s ]
INFO: [ app_end ] --START--
INFO: Run Behavior\ShowPageTraceBehavior [ RunTime:0.000000s ]
INFO: [ app_end ] --END-- [ RunTime:0.000000s ]

[ 2015-07-13T14:29:47+08:00 ] 127.0.0.1 /blog/index.php/Afack/Column/colw_add/id/25.html
INFO: [ app_init ] --START--
INFO: Run Behavior\BuildLiteBehavior [ RunTime:0.000000s ]
INFO: [ app_init ] --END-- [ RunTime:0.000000s ]
INFO: [ app_begin ] --START--
INFO: Run Behavior\ReadHtmlCacheBehavior [ RunTime:0.000000s ]
INFO: [ app_begin ] --END-- [ RunTime:0.000000s ]
NOTIC: [8] Use of undefined constant id - assumed 'id' D:\wamp\www\blog\Application\Afack\Controller\ColumnController.class.php 第 49 行.
ERR: 模板不存在:./Application/Afack/View/Column/addwcolumn.html

[ 2015-07-13T14:35:46+08:00 ] 127.0.0.1 /blog/index.php/Afack/Column/colw_add/id/24.html
INFO: [ app_init ] --START--
INFO: Run Behavior\BuildLiteBehavior [ RunTime:0.000000s ]
INFO: [ app_init ] --END-- [ RunTime:0.000000s ]
INFO: [ app_begin ] --START--
INFO: Run Behavior\ReadHtmlCacheBehavior [ RunTime:0.000000s ]
INFO: [ app_begin ] --END-- [ RunTime:0.000000s ]
NOTIC: [8] Use of undefined constant id - assumed 'id' D:\wamp\www\blog\Application\Afack\Controller\ColumnController.class.php 第 49 行.
ERR: 模板不存在:./Application/Afack/View/Column/addwcolumn.html

[ 2015-07-13T16:12:55+08:00 ] 127.0.0.1 /blog/afack
INFO: [ app_init ] --START--
INFO: Run Behavior\BuildLiteBehavior [ RunTime:0.000000s ]
INFO: [ app_init ] --END-- [ RunTime:0.000000s ]
INFO: [ app_begin ] --START--
INFO: Run Behavior\ReadHtmlCacheBehavior [ RunTime:0.000000s ]
INFO: [ app_begin ] --END-- [ RunTime:0.000000s ]
NOTIC: [8192] mysql_connect(): The mysql extension is deprecated and will be removed in the future: use mysqli or PDO instead D:\wamp\www\blog\ThinkPHP\Library\Think\Db\Driver\Mysql.class.php 第 52 行.
SQL: SHOW COLUMNS FROM `tb_column` [ RunTime:0.000000s ]
SQL: SELECT `colid`,`colqid`,`coltt` FROM `tb_column` WHERE ( collink =2 )  [ RunTime:0.000000s ]
SQL: SELECT `colid`,`colqid`,`coltt` FROM `tb_column` WHERE ( collink =3 )  [ RunTime:0.000000s ]
SQL: SELECT `colid`,`colqid`,`coltt` FROM `tb_column` WHERE ( collink =4 )  [ RunTime:0.000000s ]
SQL: SELECT `colid`,`colqid`,`coltt` FROM `tb_column` WHERE ( collink =2 )  [ RunTime:0.000000s ]
SQL: SELECT `colid`,`colqid`,`coltt` FROM `tb_column` WHERE ( collink =3 )  [ RunTime:0.000000s ]
SQL: SELECT `colid`,`colqid`,`coltt` FROM `tb_column` WHERE ( collink =4 )  [ RunTime:0.000000s ]
INFO: [ view_parse ] --START--
INFO: [ template_filter ] --START--
INFO: Run Behavior\ContentReplaceBehavior [ RunTime:0.000000s ]
INFO: [ template_filter ] --END-- [ RunTime:0.000000s ]
NOTIC: [8] Undefined variable: currrt D:\wamp\www\blog\Application\Runtime\Cache\Afack\449db6887c6a09e8f36b447acce29d4d.php 第 37 行.
NOTIC: [8] Undefined variable: currrt D:\wamp\www\blog\Application\Runtime\Cache\Afack\449db6887c6a09e8f36b447acce29d4d.php 第 38 行.
NOTIC: [8] Undefined variable: currrt D:\wamp\www\blog\Application\Runtime\Cache\Afack\449db6887c6a09e8f36b447acce29d4d.php 第 38 行.
NOTIC: [8] Undefined variable: currrt D:\wamp\www\blog\Application\Runtime\Cache\Afack\449db6887c6a09e8f36b447acce29d4d.php 第 38 行.
NOTIC: [8] Undefined variable: currrt D:\wamp\www\blog\Application\Runtime\Cache\Afack\449db6887c6a09e8f36b447acce29d4d.php 第 39 行.
NOTIC: [8] Undefined variable: uderid D:\wamp\www\blog\Application\Runtime\Cache\Afack\449db6887c6a09e8f36b447acce29d4d.php 第 53 行.
NOTIC: [8] Undefined variable: uderid D:\wamp\www\blog\Application\Runtime\Cache\Afack\449db6887c6a09e8f36b447acce29d4d.php 第 54 行.
INFO: Run Behavior\ParseTemplateBehavior [ RunTime:0.020000s ]
INFO: [ view_parse ] --END-- [ RunTime:0.020000s ]
INFO: [ view_filter ] --START--
INFO: Run Behavior\WriteHtmlCacheBehavior [ RunTime:0.000000s ]
INFO: [ view_filter ] --END-- [ RunTime:0.000000s ]
INFO: [ app_end ] --START--
INFO: Run Behavior\ShowPageTraceBehavior [ RunTime:0.000000s ]
INFO: [ app_end ] --END-- [ RunTime:0.000000s ]

[ 2015-07-13T16:12:57+08:00 ] 127.0.0.1 /blog/index.php/Afack/Column/lists.html
INFO: [ app_init ] --START--
INFO: Run Behavior\BuildLiteBehavior [ RunTime:0.000000s ]
INFO: [ app_init ] --END-- [ RunTime:0.000000s ]
INFO: [ app_begin ] --START--
INFO: Run Behavior\ReadHtmlCacheBehavior [ RunTime:0.000000s ]
INFO: [ app_begin ] --END-- [ RunTime:0.000000s ]
NOTIC: [8192] mysql_connect(): The mysql extension is deprecated and will be removed in the future: use mysqli or PDO instead D:\wamp\www\blog\ThinkPHP\Library\Think\Db\Driver\Mysql.class.php 第 52 行.
SQL: SHOW COLUMNS FROM `tb_column` [ RunTime:0.000000s ]
SQL: SELECT `colid`,`colqid`,`coltt` FROM `tb_column` WHERE ( collink =2 )  [ RunTime:0.000000s ]
SQL: SELECT `colid`,`colqid`,`coltt` FROM `tb_column` WHERE ( collink =3 )  [ RunTime:0.000000s ]
SQL: SELECT `colid`,`colqid`,`coltt` FROM `tb_column` WHERE ( collink =4 )  [ RunTime:0.000000s ]
SQL: SELECT `colid`,`coldid`,`colpx`,`colqid`,`collink`,`coltt` FROM `tb_column` ORDER BY coldid asc  [ RunTime:0.000000s ]
INFO: [ view_parse ] --START--
INFO: [ template_filter ] --START--
INFO: Run Behavior\ContentReplaceBehavior [ RunTime:0.000000s ]
INFO: [ template_filter ] --END-- [ RunTime:0.000000s ]
NOTIC: [8] Undefined variable: currrt D:\wamp\www\blog\Application\Runtime\Cache\Afack\ac6c4858f4d4d3b395b0c71a76c42e42.php 第 37 行.
NOTIC: [8] Undefined variable: currrt D:\wamp\www\blog\Application\Runtime\Cache\Afack\ac6c4858f4d4d3b395b0c71a76c42e42.php 第 38 行.
NOTIC: [8] Undefined variable: currrt D:\wamp\www\blog\Application\Runtime\Cache\Afack\ac6c4858f4d4d3b395b0c71a76c42e42.php 第 38 行.
NOTIC: [8] Undefined variable: currrt D:\wamp\www\blog\Application\Runtime\Cache\Afack\ac6c4858f4d4d3b395b0c71a76c42e42.php 第 38 行.
NOTIC: [8] Undefined variable: currrt D:\wamp\www\blog\Application\Runtime\Cache\Afack\ac6c4858f4d4d3b395b0c71a76c42e42.php 第 39 行.
INFO: Run Behavior\ParseTemplateBehavior [ RunTime:0.030000s ]
INFO: [ view_parse ] --END-- [ RunTime:0.030000s ]
INFO: [ view_filter ] --START--
INFO: Run Behavior\WriteHtmlCacheBehavior [ RunTime:0.000000s ]
INFO: [ view_filter ] --END-- [ RunTime:0.000000s ]
INFO: [ app_end ] --START--
INFO: Run Behavior\ShowPageTraceBehavior [ RunTime:0.000000s ]
INFO: [ app_end ] --END-- [ RunTime:0.000000s ]

[ 2015-07-13T16:13:03+08:00 ] 127.0.0.1 /blog/index.php/Afack/Column/update_select/upid/26.html
INFO: [ app_init ] --START--
INFO: Run Behavior\BuildLiteBehavior [ RunTime:0.000000s ]
INFO: [ app_init ] --END-- [ RunTime:0.000000s ]
INFO: [ app_begin ] --START--
INFO: Run Behavior\ReadHtmlCacheBehavior [ RunTime:0.000000s ]
INFO: [ app_begin ] --END-- [ RunTime:0.000000s ]
NOTIC: [8192] mysql_connect(): The mysql extension is deprecated and will be removed in the future: use mysqli or PDO instead D:\wamp\www\blog\ThinkPHP\Library\Think\Db\Driver\Mysql.class.php 第 52 行.
SQL: SHOW COLUMNS FROM `tb_column` [ RunTime:0.000000s ]
SQL: SELECT `colid`,`colqid`,`coltt` FROM `tb_column` WHERE ( collink =2 )  [ RunTime:0.000000s ]
SQL: SELECT `colid`,`colqid`,`coltt` FROM `tb_column` WHERE ( collink =3 )  [ RunTime:0.000000s ]
SQL: SELECT `colid`,`colqid`,`coltt` FROM `tb_column` WHERE ( collink =4 )  [ RunTime:0.000000s ]
SQL: SELECT `colid`,`colqid`,`colcc`,`colentt`,`coltt`,`collink` FROM `tb_column` WHERE ( colid =26 ) LIMIT 1   [ RunTime:0.020000s ]
INFO: [ view_parse ] --START--
INFO: [ template_filter ] --START--
INFO: Run Behavior\ContentReplaceBehavior [ RunTime:0.000000s ]
INFO: [ template_filter ] --END-- [ RunTime:0.000000s ]
NOTIC: [8] Undefined variable: currrt D:\wamp\www\blog\Application\Runtime\Cache\Afack\3e9b825b08d2085275f6b57a187f6b6e.php 第 37 行.
NOTIC: [8] Undefined variable: currrt D:\wamp\www\blog\Application\Runtime\Cache\Afack\3e9b825b08d2085275f6b57a187f6b6e.php 第 38 行.
NOTIC: [8] Undefined variable: currrt D:\wamp\www\blog\Application\Runtime\Cache\Afack\3e9b825b08d2085275f6b57a187f6b6e.php 第 38 行.
NOTIC: [8] Undefined variable: currrt D:\wamp\www\blog\Application\Runtime\Cache\Afack\3e9b825b08d2085275f6b57a187f6b6e.php 第 38 行.
NOTIC: [8] Undefined variable: currrt D:\wamp\www\blog\Application\Runtime\Cache\Afack\3e9b825b08d2085275f6b57a187f6b6e.php 第 39 行.
NOTIC: [8] Undefined variable: title D:\wamp\www\blog\Application\Runtime\Cache\Afack\3e9b825b08d2085275f6b57a187f6b6e.php 第 73 行.
NOTIC: [8] Undefined variable: title D:\wamp\www\blog\Application\Runtime\Cache\Afack\3e9b825b08d2085275f6b57a187f6b6e.php 第 74 行.
INFO: Run Behavior\ParseTemplateBehavior [ RunTime:0.020000s ]
INFO: [ view_parse ] --END-- [ RunTime:0.020000s ]
INFO: [ view_filter ] --START--
INFO: Run Behavior\WriteHtmlCacheBehavior [ RunTime:0.000000s ]
INFO: [ view_filter ] --END-- [ RunTime:0.000000s ]
INFO: [ app_end ] --START--
INFO: Run Behavior\ShowPageTraceBehavior [ RunTime:0.000000s ]
INFO: [ app_end ] --END-- [ RunTime:0.000000s ]

[ 2015-07-13T16:13:15+08:00 ] 127.0.0.1 /blog/index.php/Afack/Column/lists.html
INFO: [ app_init ] --START--
INFO: Run Behavior\BuildLiteBehavior [ RunTime:0.000000s ]
INFO: [ app_init ] --END-- [ RunTime:0.010000s ]
INFO: [ app_begin ] --START--
INFO: Run Behavior\ReadHtmlCacheBehavior [ RunTime:0.000000s ]
INFO: [ app_begin ] --END-- [ RunTime:0.000000s ]
NOTIC: [8192] mysql_connect(): The mysql extension is deprecated and will be removed in the future: use mysqli or PDO instead D:\wamp\www\blog\ThinkPHP\Library\Think\Db\Driver\Mysql.class.php 第 52 行.
SQL: SHOW COLUMNS FROM `tb_column` [ RunTime:0.000000s ]
SQL: SELECT `colid`,`colqid`,`coltt` FROM `tb_column` WHERE ( collink =2 )  [ RunTime:0.000000s ]
SQL: SELECT `colid`,`colqid`,`coltt` FROM `tb_column` WHERE ( collink =3 )  [ RunTime:0.000000s ]
SQL: SELECT `colid`,`colqid`,`coltt` FROM `tb_column` WHERE ( collink =4 )  [ RunTime:0.010000s ]
SQL: SELECT `colid`,`coldid`,`colpx`,`colqid`,`collink`,`coltt` FROM `tb_column` ORDER BY coldid asc  [ RunTime:0.000000s ]
INFO: [ view_parse ] --START--
INFO: [ template_filter ] --START--
INFO: Run Behavior\ContentReplaceBehavior [ RunTime:0.000000s ]
INFO: [ template_filter ] --END-- [ RunTime:0.000000s ]
NOTIC: [8] Undefined variable: currrt D:\wamp\www\blog\Application\Runtime\Cache\Afack\ac6c4858f4d4d3b395b0c71a76c42e42.php 第 37 行.
NOTIC: [8] Undefined variable: currrt D:\wamp\www\blog\Application\Runtime\Cache\Afack\ac6c4858f4d4d3b395b0c71a76c42e42.php 第 38 行.
NOTIC: [8] Undefined variable: currrt D:\wamp\www\blog\Application\Runtime\Cache\Afack\ac6c4858f4d4d3b395b0c71a76c42e42.php 第 38 行.
NOTIC: [8] Undefined variable: currrt D:\wamp\www\blog\Application\Runtime\Cache\Afack\ac6c4858f4d4d3b395b0c71a76c42e42.php 第 38 行.
NOTIC: [8] Undefined variable: currrt D:\wamp\www\blog\Application\Runtime\Cache\Afack\ac6c4858f4d4d3b395b0c71a76c42e42.php 第 39 行.
INFO: Run Behavior\ParseTemplateBehavior [ RunTime:0.040000s ]
INFO: [ view_parse ] --END-- [ RunTime:0.040000s ]
INFO: [ view_filter ] --START--
INFO: Run Behavior\WriteHtmlCacheBehavior [ RunTime:0.000000s ]
INFO: [ view_filter ] --END-- [ RunTime:0.000000s ]
INFO: [ app_end ] --START--
INFO: Run Behavior\ShowPageTraceBehavior [ RunTime:0.000000s ]
INFO: [ app_end ] --END-- [ RunTime:0.000000s ]

[ 2015-07-13T17:10:56+08:00 ] 127.0.0.1 /blog/afack
INFO: [ app_init ] --START--
INFO: Run Behavior\BuildLiteBehavior [ RunTime:0.000000s ]
INFO: [ app_init ] --END-- [ RunTime:0.000000s ]
INFO: [ app_begin ] --START--
INFO: Run Behavior\ReadHtmlCacheBehavior [ RunTime:0.000000s ]
INFO: [ app_begin ] --END-- [ RunTime:0.001000s ]
NOTIC: [8192] mysql_connect(): The mysql extension is deprecated and will be removed in the future: use mysqli or PDO instead D:\wamp\www\blog\ThinkPHP\Library\Think\Db\Driver\Mysql.class.php 第 52 行.
SQL: SHOW COLUMNS FROM `tb_column` [ RunTime:0.002000s ]
SQL: SELECT `colid`,`colqid`,`coltt` FROM `tb_column` WHERE ( collink =2 )  [ RunTime:0.000000s ]
SQL: SELECT `colid`,`colqid`,`coltt` FROM `tb_column` WHERE ( collink =3 )  [ RunTime:0.000000s ]
SQL: SELECT `colid`,`colqid`,`coltt` FROM `tb_column` WHERE ( collink =4 )  [ RunTime:0.001000s ]
SQL: SELECT `colid`,`colqid`,`coltt` FROM `tb_column` WHERE ( collink =2 )  [ RunTime:0.000000s ]
SQL: SELECT `colid`,`colqid`,`coltt` FROM `tb_column` WHERE ( collink =3 )  [ RunTime:0.000000s ]
SQL: SELECT `colid`,`colqid`,`coltt` FROM `tb_column` WHERE ( collink =4 )  [ RunTime:0.000000s ]
INFO: [ view_parse ] --START--
INFO: [ template_filter ] --START--
INFO: Run Behavior\ContentReplaceBehavior [ RunTime:0.000000s ]
INFO: [ template_filter ] --END-- [ RunTime:0.000000s ]
NOTIC: [8] Undefined variable: currrt D:\wamp\www\blog\Application\Runtime\Cache\Afack\449db6887c6a09e8f36b447acce29d4d.php 第 37 行.
NOTIC: [8] Undefined variable: currrt D:\wamp\www\blog\Application\Runtime\Cache\Afack\449db6887c6a09e8f36b447acce29d4d.php 第 38 行.
NOTIC: [8] Undefined variable: currrt D:\wamp\www\blog\Application\Runtime\Cache\Afack\449db6887c6a09e8f36b447acce29d4d.php 第 38 行.
NOTIC: [8] Undefined variable: currrt D:\wamp\www\blog\Application\Runtime\Cache\Afack\449db6887c6a09e8f36b447acce29d4d.php 第 38 行.
NOTIC: [8] Undefined variable: currrt D:\wamp\www\blog\Application\Runtime\Cache\Afack\449db6887c6a09e8f36b447acce29d4d.php 第 39 行.
NOTIC: [8] Undefined variable: uderid D:\wamp\www\blog\Application\Runtime\Cache\Afack\449db6887c6a09e8f36b447acce29d4d.php 第 53 行.
NOTIC: [8] Undefined variable: uderid D:\wamp\www\blog\Application\Runtime\Cache\Afack\449db6887c6a09e8f36b447acce29d4d.php 第 54 行.
INFO: Run Behavior\ParseTemplateBehavior [ RunTime:0.019001s ]
INFO: [ view_parse ] --END-- [ RunTime:0.019001s ]
INFO: [ view_filter ] --START--
INFO: Run Behavior\WriteHtmlCacheBehavior [ RunTime:0.001000s ]
INFO: [ view_filter ] --END-- [ RunTime:0.001000s ]
INFO: [ app_end ] --START--
INFO: Run Behavior\ShowPageTraceBehavior [ RunTime:0.000000s ]
INFO: [ app_end ] --END-- [ RunTime:0.001000s ]

[ 2015-07-13T17:11:18+08:00 ] 127.0.0.1 /blog/afack/QueryList
INFO: [ app_init ] --START--
INFO: Run Behavior\BuildLiteBehavior [ RunTime:0.000000s ]
INFO: [ app_init ] --END-- [ RunTime:0.000000s ]
INFO: [ app_begin ] --START--
INFO: Run Behavior\ReadHtmlCacheBehavior [ RunTime:0.001001s ]
INFO: [ app_begin ] --END-- [ RunTime:0.001001s ]
ERR: 无法加载控制器:QueryList

[ 2015-07-13T17:12:22+08:00 ] 127.0.0.1 /blog/afack/new/querylistnew
INFO: [ app_init ] --START--
INFO: Run Behavior\BuildLiteBehavior [ RunTime:0.001000s ]
INFO: [ app_init ] --END-- [ RunTime:0.001000s ]
INFO: [ app_begin ] --START--
INFO: Run Behavior\ReadHtmlCacheBehavior [ RunTime:0.001000s ]
INFO: [ app_begin ] --END-- [ RunTime:0.001000s ]

[ 2015-07-13T17:12:23+08:00 ] 127.0.0.1 /blog/afack/new/querylistnew
INFO: [ app_init ] --START--
INFO: Run Behavior\BuildLiteBehavior [ RunTime:0.000000s ]
INFO: [ app_init ] --END-- [ RunTime:0.000000s ]
INFO: [ app_begin ] --START--
INFO: Run Behavior\ReadHtmlCacheBehavior [ RunTime:0.001000s ]
INFO: [ app_begin ] --END-- [ RunTime:0.001000s ]

[ 2015-07-13T17:13:49+08:00 ] 127.0.0.1 /blog/afack/new/querylistnew
INFO: [ app_init ] --START--
INFO: Run Behavior\BuildLiteBehavior [ RunTime:0.000000s ]
INFO: [ app_init ] --END-- [ RunTime:0.001000s ]
INFO: [ app_begin ] --START--
INFO: Run Behavior\ReadHtmlCacheBehavior [ RunTime:0.000000s ]
INFO: [ app_begin ] --END-- [ RunTime:0.001000s ]

[ 2015-07-13T17:15:58+08:00 ] 127.0.0.1 /blog/afack/new/querylistnew
INFO: [ app_init ] --START--
INFO: Run Behavior\BuildLiteBehavior [ RunTime:0.000000s ]
INFO: [ app_init ] --END-- [ RunTime:0.001000s ]
INFO: [ app_begin ] --START--
INFO: Run Behavior\ReadHtmlCacheBehavior [ RunTime:0.000000s ]
INFO: [ app_begin ] --END-- [ RunTime:0.001000s ]

[ 2015-07-13T17:29:40+08:00 ] 127.0.0.1 /blog/afack/new/collect
INFO: [ app_init ] --START--
INFO: Run Behavior\BuildLiteBehavior [ RunTime:0.000000s ]
INFO: [ app_init ] --END-- [ RunTime:0.001000s ]
INFO: [ app_begin ] --START--
INFO: Run Behavior\ReadHtmlCacheBehavior [ RunTime:0.000000s ]
INFO: [ app_begin ] --END-- [ RunTime:0.000000s ]
NOTIC: [8192] mysql_connect(): The mysql extension is deprecated and will be removed in the future: use mysqli or PDO instead D:\wamp\www\blog\ThinkPHP\Library\Think\Db\Driver\Mysql.class.php 第 52 行.
SQL: SHOW COLUMNS FROM `collect` [ RunTime:0.026001s ]
ERR: 1146:La table 'blog.collect' n'existe pas
 [ SQL语句 ] : SHOW COLUMNS FROM `collect`
NOTIC: [8] Undefined index: id D:\wamp\www\blog\Application\Afack\Controller\NewController.class.php 第 9 行.
SQL: SELECT * FROM `collect` WHERE ( id =  ) LIMIT 1   [ RunTime:0.000000s ]
ERR: 1064:Erreur de syntaxe près de ') LIMIT 1' à la ligne 1
 [ SQL语句 ] : SELECT * FROM `collect` WHERE ( id =  ) LIMIT 1  
NOTIC: [2] require(__ROOT__/phpQuery/phpQuery.php): failed to open stream: No such file or directory D:\wamp\www\blog\Application\Afack\Controller\QueryList.class.php 第 48 行.

[ 2015-07-13T17:34:45+08:00 ] 127.0.0.1 /blog/afack/new/collect
INFO: [ app_init ] --START--
INFO: Run Behavior\BuildLiteBehavior [ RunTime:0.000000s ]
INFO: [ app_init ] --END-- [ RunTime:0.000000s ]
INFO: [ app_begin ] --START--
INFO: Run Behavior\ReadHtmlCacheBehavior [ RunTime:0.000000s ]
INFO: [ app_begin ] --END-- [ RunTime:0.001000s ]
NOTIC: [8192] mysql_connect(): The mysql extension is deprecated and will be removed in the future: use mysqli or PDO instead D:\wamp\www\blog\ThinkPHP\Library\Think\Db\Driver\Mysql.class.php 第 52 行.
SQL: SHOW COLUMNS FROM `collect` [ RunTime:0.002000s ]
ERR: 1146:La table 'blog.collect' n'existe pas
 [ SQL语句 ] : SHOW COLUMNS FROM `collect`
NOTIC: [8] Undefined index: id D:\wamp\www\blog\Application\Afack\Controller\NewController.class.php 第 9 行.
SQL: SELECT * FROM `collect` WHERE ( id =  ) LIMIT 1   [ RunTime:0.000000s ]
ERR: 1064:Erreur de syntaxe près de ') LIMIT 1' à la ligne 1
 [ SQL语句 ] : SELECT * FROM `collect` WHERE ( id =  ) LIMIT 1  

